could not convert to floats
trying again in 5s
could not convert to floats
trying again in 5s
could not convert to floats
trying again in 5s
Traceback (most recent call last):
  File "/usr/lib/python3/dist-packages/serial/serialposix.py", line 501, in read
    'device reports readiness to read but returned no data '
serial.serialutil.SerialException: device reports readiness to read but returned no data (device disconnected or multiple access on port?)

During handling of the above exception, another exception occurred:

Traceback (most recent call last):
  File "/home/pi/Documents/python/my_py_c_arduino_feuchte_und_temperatur.py", line 22, in <module>
    b = str(ser.readline()).split(',')
  File "/usr/lib/python3/dist-packages/serial/serialposix.py", line 509, in read
    raise SerialException('read failed: {}'.format(e))
serial.serialutil.SerialException: read failed: device reports readiness to read but returned no data (device disconnected or multiple access on port?)
could not convert to floats
trying again in 5s
could not convert to floats
trying again in 5s
could not convert to floats
trying again in 5s
could not convert to floats
trying again in 5s
could not convert to floats
trying again in 5s
could not convert to floats
trying again in 5s
could not convert to floats
trying again in 5s
could not convert to floats
trying again in 5s
could not convert to floats
trying again in 5s
could not convert to floats
trying again in 5s
could not convert to floats
trying again in 5s
could not convert to floats
trying again in 5s
could not convert to floats
trying again in 5s
could not convert to floats
trying again in 5s
could not convert to floats
trying again in 5s
could not convert to floats
trying again in 5s
could not convert to floats
trying again in 5s
could not convert to floats
trying again in 5s
could not convert to floats
trying again in 5s
could not convert to floats
trying again in 5s
could not convert to floats
trying again in 5s
could not convert to floats
trying again in 5s
could not convert to floats
trying again in 5s
could not convert to floats
trying again in 5s
could not convert to floats
trying again in 5s
could not convert to floats
trying again in 5s
could not convert to floats
trying again in 5s
could not convert to floats
trying again in 5s
could not convert to floats
trying again in 5s
could not convert to floats
trying again in 5s
could not convert to floats
trying again in 5s
could not convert to floats
trying again in 5s
could not convert to floats
trying again in 5s
could not convert to floats
trying again in 5s
could not convert to floats
trying again in 5s
could not convert to floats
trying again in 5s
could not convert to floats
trying again in 5s
could not convert to floats
trying again in 5s
could not convert to floats
trying again in 5s
could not convert to floats
trying again in 5s
could not convert to floats
trying again in 5s
could not convert to floats
trying again in 5s
could not convert to floats
trying again in 5s
could not convert to floats
trying again in 5s
could not convert to floats
trying again in 5s
could not convert to floats
trying again in 5s
could not convert to floats
trying again in 5s
could not convert to floats
trying again in 5s
could not convert to floats
trying again in 5s
could not convert to floats
trying again in 5s
could not convert to floats
trying again in 5s
could not convert to floats
trying again in 5s
could not convert to floats
trying again in 5s
could not convert to floats
trying again in 5s
could not convert to floats
trying again in 5s
could not convert to floats
trying again in 5s
could not convert to floats
trying again in 5s
could not convert to floats
trying again in 5s
could not convert to floats
trying again in 5s
could not convert to floats
trying again in 5s
could not convert to floats
trying again in 5s
could not convert to floats
trying again in 5s
could not convert to floats
trying again in 5s
could not convert to floats
trying again in 5s
could not convert to floats
trying again in 5s
could not convert to floats
trying again in 5s
could not convert to floats
trying again in 5s
could not convert to floats
trying again in 5s
could not convert to floats
trying again in 5s
could not convert to floats
trying again in 5s
could not convert to floats
trying again in 5s
could not convert to floats
trying again in 5s
could not convert to floats
trying again in 5s
could not convert to floats
trying again in 5s
could not convert to floats
trying again in 5s
could not convert to floats
trying again in 5s
could not convert to floats
trying again in 5s
could not convert to floats
trying again in 5s
could not convert to floats
trying again in 5s
could not convert to floats
trying again in 5s
could not convert to floats
trying again in 5s
could not convert to floats
trying again in 5s
could not convert to floats
trying again in 5s
could not convert to floats
trying again in 5s
could not convert to floats
trying again in 5s
could not convert to floats
trying again in 5s
could not convert to floats
trying again in 5s
could not convert to floats
trying again in 5s
could not convert to floats
trying again in 5s
could not convert to floats
trying again in 5s
could not convert to floats
trying again in 5s
could not convert to floats
trying again in 5s
could not convert to floats
trying again in 5s
could not convert to floats
trying again in 5s
could not convert to floats
trying again in 5s
could not convert to floats
trying again in 5s
could not convert to floats
trying again in 5s
could not convert to floats
trying again in 5s
could not convert to floats
trying again in 5s
could not convert to floats
trying again in 5s
could not convert to floats
trying again in 5s
could not convert to floats
trying again in 5s
could not convert to floats
trying again in 5s
could not convert to floats
trying again in 5s
could not convert to floats
trying again in 5s
could not convert to floats
trying again in 5s
could not convert to floats
trying again in 5s
could not convert to floats
trying again in 5s
could not convert to floats
trying again in 5s
could not convert to floats
trying again in 5s
could not convert to floats
trying again in 5s
could not convert to floats
trying again in 5s
could not convert to floats
trying again in 5s
could not convert to floats
trying again in 5s
could not convert to floats
trying again in 5s
could not convert to floats
trying again in 5s
could not convert to floats
trying again in 5s
could not convert to floats
trying again in 5s
could not convert to floats
trying again in 5s
could not convert to floats
trying again in 5s
could not convert to floats
trying again in 5s
could not convert to floats
trying again in 5s
could not convert to floats
trying again in 5s
could not convert to floats
trying again in 5s
could not convert to floats
trying again in 5s
could not convert to floats
trying again in 5s
could not convert to floats
trying again in 5s
could not convert to floats
trying again in 5s
could not convert to floats
trying again in 5s
could not convert to floats
trying again in 5s
could not convert to floats
trying again in 5s
could not convert to floats
trying again in 5s
could not convert to floats
trying again in 5s
could not convert to floats
trying again in 5s
could not convert to floats
trying again in 5s
could not convert to floats
trying again in 5s
could not convert to floats
trying again in 5s
could not convert to floats
trying again in 5s
could not convert to floats
trying again in 5s
could not convert to floats
trying again in 5s
could not convert to floats
trying again in 5s
could not convert to floats
trying again in 5s
could not convert to floats
trying again in 5s
could not convert to floats
trying again in 5s
could not convert to floats
trying again in 5s
could not convert to floats
trying again in 5s
could not convert to floats
trying again in 5s
could not convert to floats
trying again in 5s
could not convert to floats
trying again in 5s
could not convert to floats
trying again in 5s
could not convert to floats
trying again in 5s
could not convert to floats
trying again in 5s
could not convert to floats
trying again in 5s
could not convert to floats
trying again in 5s
could not convert to floats
trying again in 5s
could not convert to floats
trying again in 5s
could not convert to floats
trying again in 5s
could not convert to floats
trying again in 5s
could not convert to floats
trying again in 5s
could not convert to floats
trying again in 5s
could not convert to floats
trying again in 5s
could not convert to floats
trying again in 5s
could not convert to floats
trying again in 5s
could not convert to floats
trying again in 5s
could not convert to floats
trying again in 5s
could not convert to floats
trying again in 5s
could not convert to floats
trying again in 5s
could not convert to floats
trying again in 5s
could not convert to floats
trying again in 5s
could not convert to floats
trying again in 5s
could not convert to floats
trying again in 5s
could not convert to floats
trying again in 5s
could not convert to floats
trying again in 5s
could not convert to floats
trying again in 5s
could not convert to floats
trying again in 5s
could not convert to floats
trying again in 5s
could not convert to floats
trying again in 5s
could not convert to floats
trying again in 5s
could not convert to floats
trying again in 5s
could not convert to floats
trying again in 5s
could not convert to floats
trying again in 5s
could not convert to floats
trying again in 5s
could not convert to floats
trying again in 5s
could not convert to floats
trying again in 5s
could not convert to floats
trying again in 5s
could not convert to floats
trying again in 5s
could not convert to floats
trying again in 5s
could not convert to floats
trying again in 5s
could not convert to floats
trying again in 5s
could not convert to floats
trying again in 5s
could not convert to floats
trying again in 5s
could not convert to floats
trying again in 5s
could not convert to floats
trying again in 5s
could not convert to floats
trying again in 5s
could not convert to floats
trying again in 5s
could not convert to floats
trying again in 5s
could not convert to floats
trying again in 5s
could not convert to floats
trying again in 5s
could not convert to floats
trying again in 5s
could not convert to floats
trying again in 5s
could not convert to floats
trying again in 5s
could not convert to floats
trying again in 5s
could not convert to floats
trying again in 5s
could not convert to floats
trying again in 5s
could not convert to floats
trying again in 5s
could not convert to floats
trying again in 5s
could not convert to floats
trying again in 5s
could not convert to floats
trying again in 5s
could not convert to floats
trying again in 5s
could not convert to floats
trying again in 5s
could not convert to floats
trying again in 5s
could not convert to floats
trying again in 5s
could not convert to floats
trying again in 5s
could not convert to floats
trying again in 5s
could not convert to floats
trying again in 5s
could not convert to floats
trying again in 5s
could not convert to floats
trying again in 5s
could not convert to floats
trying again in 5s
could not convert to floats
trying again in 5s
could not convert to floats
trying again in 5s
could not convert to floats
trying again in 5s
could not convert to floats
trying again in 5s
could not convert to floats
trying again in 5s
could not convert to floats
trying again in 5s
could not convert to floats
trying again in 5s
could not convert to floats
trying again in 5s
could not convert to floats
trying again in 5s
could not convert to floats
trying again in 5s
could not convert to floats
trying again in 5s
could not convert to floats
trying again in 5s
could not convert to floats
trying again in 5s
could not convert to floats
trying again in 5s
could not convert to floats
trying again in 5s
could not convert to floats
trying again in 5s
could not convert to floats
trying again in 5s
could not convert to floats
trying again in 5s
could not convert to floats
trying again in 5s
could not convert to floats
trying again in 5s
could not convert to floats
trying again in 5s
could not convert to floats
trying again in 5s
could not convert to floats
trying again in 5s
could not convert to floats
trying again in 5s
could not convert to floats
trying again in 5s
could not convert to floats
trying again in 5s
could not convert to floats
trying again in 5s
could not convert to floats
trying again in 5s
could not convert to floats
trying again in 5s
could not convert to floats
trying again in 5s
could not convert to floats
trying again in 5s
could not convert to floats
trying again in 5s
could not convert to floats
trying again in 5s
could not convert to floats
trying again in 5s
could not convert to floats
trying again in 5s
could not convert to floats
trying again in 5s
could not convert to floats
trying again in 5s
could not convert to floats
trying again in 5s
could not convert to floats
trying again in 5s
could not convert to floats
trying again in 5s
could not convert to floats
trying again in 5s
could not convert to floats
trying again in 5s
could not convert to floats
trying again in 5s
could not convert to floats
trying again in 5s
could not convert to floats
trying again in 5s
could not convert to floats
trying again in 5s
could not convert to floats
trying again in 5s
could not convert to floats
trying again in 5s
could not convert to floats
trying again in 5s
could not convert to floats
trying again in 5s
could not convert to floats
trying again in 5s
could not convert to floats
trying again in 5s
could not convert to floats
trying again in 5s
could not convert to floats
trying again in 5s
could not convert to floats
trying again in 5s
could not convert to floats
trying again in 5s
could not convert to floats
trying again in 5s
could not convert to floats
trying again in 5s
could not convert to floats
trying again in 5s
could not convert to floats
trying again in 5s
could not convert to floats
trying again in 5s
could not convert to floats
trying again in 5s
could not convert to floats
trying again in 5s
could not convert to floats
trying again in 5s
could not convert to floats
trying again in 5s
could not convert to floats
trying again in 5s
could not convert to floats
trying again in 5s
could not convert to floats
trying again in 5s
could not convert to floats
trying again in 5s
could not convert to floats
trying again in 5s
could not convert to floats
trying again in 5s
could not convert to floats
trying again in 5s
could not convert to floats
trying again in 5s
could not convert to floats
trying again in 5s
could not convert to floats
trying again in 5s
could not convert to floats
trying again in 5s
could not convert to floats
trying again in 5s
could not convert to floats
trying again in 5s
could not convert to floats
trying again in 5s
could not convert to floats
trying again in 5s
could not convert to floats
trying again in 5s
could not convert to floats
trying again in 5s
could not convert to floats
trying again in 5s
could not convert to floats
trying again in 5s
could not convert to floats
trying again in 5s
could not convert to floats
trying again in 5s
could not convert to floats
trying again in 5s
could not convert to floats
trying again in 5s
could not convert to floats
trying again in 5s
could not convert to floats
trying again in 5s
could not convert to floats
trying again in 5s
could not convert to floats
trying again in 5s
could not convert to floats
trying again in 5s
could not convert to floats
trying again in 5s
could not convert to floats
trying again in 5s
could not convert to floats
trying again in 5s
could not convert to floats
trying again in 5s
could not convert to floats
trying again in 5s
could not convert to floats
trying again in 5s
could not convert to floats
trying again in 5s
could not convert to floats
trying again in 5s
could not convert to floats
trying again in 5s
could not convert to floats
trying again in 5s
could not convert to floats
trying again in 5s
could not convert to floats
trying again in 5s
could not convert to floats
trying again in 5s
could not convert to floats
trying again in 5s
could not convert to floats
trying again in 5s
could not convert to floats
trying again in 5s
could not convert to floats
trying again in 5s
could not convert to floats
trying again in 5s
could not convert to floats
trying again in 5s
could not convert to floats
trying again in 5s
could not convert to floats
trying again in 5s
could not convert to floats
trying again in 5s
could not convert to floats
trying again in 5s
Traceback (most recent call last):
  File "/usr/lib/python3/dist-packages/serial/serialposix.py", line 501, in read
    'device reports readiness to read but returned no data '
serial.serialutil.SerialException: device reports readiness to read but returned no data (device disconnected or multiple access on port?)

During handling of the above exception, another exception occurred:

Traceback (most recent call last):
  File "/home/pi/Documents/python/my_py_c_arduino_feuchte_und_temperatur.py", line 22, in <module>
    b = str(ser.readline()).split(',')
  File "/usr/lib/python3/dist-packages/serial/serialposix.py", line 509, in read
    raise SerialException('read failed: {}'.format(e))
serial.serialutil.SerialException: read failed: device reports readiness to read but returned no data (device disconnected or multiple access on port?)
